<?xml version="1.0" encoding="UTF-8"?>
<testsuite xmlns:xsi="http://www.w3.org/2001/XMLSchema-instance" xsi:noNamespaceSchemaLocation="https://maven.apache.org/surefire/maven-surefire-plugin/xsd/surefire-test-report-3.0.xsd" version="3.0" name="com.simplesdental.product.autenticator.AuthUseCaseTest" time="2.067" tests="5" errors="0" skipped="0" failures="0">
  <properties>
[...]
</properties>
  <testcase name="shouldThrowInvalidPasswordExceptionOnWrongPassword" classname="com.simplesdental.product.autenticator.AuthUseCaseTest" time="1.976">
    <system-out><![CDATA[06:41:47.501 [main] INFO com.simplesdental.product.application.usecase.AuthUseCase -- Attempting to authenticate user with email: test@email.com
06:41:47.511 [main] INFO com.simplesdental.product.application.usecase.AuthUseCase -- Verifying password for user authentication
06:41:47.512 [main] WARN com.simplesdental.product.application.usecase.AuthUseCase -- Invalid password attempt for user
]]></system-out>
    <system-err><![CDATA[WARNING: A Java agent has been loaded dynamically (C:\Users\User\.m2\repository\net\bytebuddy\byte-buddy-agent\1.14.13\byte-buddy-agent-1.14.13.jar)
WARNING: If a serviceability tool is in use, please run with -XX:+EnableDynamicAgentLoading to hide this warning
WARNING: If a serviceability tool is not in use, please run with -Djdk.instrument.traceUsage for more information
WARNING: Dynamic loading of agents will be disallowed by default in a future release
]]></system-err>
  </testcase>
  <testcase name="shouldLoginSuccessfully" classname="com.simplesdental.product.autenticator.AuthUseCaseTest" time="0.009">
    <system-out><![CDATA[06:41:47.542 [main] INFO com.simplesdental.product.application.usecase.AuthUseCase -- Attempting to authenticate user with email: test@email.com
06:41:47.543 [main] INFO com.simplesdental.product.application.usecase.AuthUseCase -- Verifying password for user authentication
06:41:47.543 [main] INFO com.simplesdental.product.application.usecase.AuthUseCase -- Authentication successful for user ID: null
]]></system-out>
  </testcase>
  <testcase name="shouldUpdatePasswordById" classname="com.simplesdental.product.autenticator.AuthUseCaseTest" time="0.01">
    <system-out><![CDATA[06:41:47.558 [main] INFO com.simplesdental.product.application.usecase.AuthUseCase -- Get user with id: 1
06:41:47.558 [main] INFO com.simplesdental.product.application.usecase.AuthUseCase -- Updating password for user id: 1
06:41:47.559 [main] INFO com.simplesdental.product.application.usecase.AuthUseCase -- Password updated successfully for user ID: 1
]]></system-out>
  </testcase>
  <testcase name="shouldReturnUserContextOutputById" classname="com.simplesdental.product.autenticator.AuthUseCaseTest" time="0.008">
    <system-out><![CDATA[06:41:47.567 [main] INFO com.simplesdental.product.application.usecase.AuthUseCase -- Fetching user with id: 1
]]></system-out>
  </testcase>
  <testcase name="shouldCreateUserSuccessfully" classname="com.simplesdental.product.autenticator.AuthUseCaseTest" time="0.009">
    <system-out><![CDATA[06:41:47.577 [main] INFO com.simplesdental.product.application.usecase.AuthUseCase -- Creating user with email: test@email.com
06:41:47.578 [main] INFO com.simplesdental.product.application.usecase.AuthUseCase -- User created successfully with id: 1
]]></system-out>
  </testcase>
</testsuite>